<?xml version="1.0" encoding="UTF-8"?>
<!-- Generated by org.testng.reporters.JUnitXMLReporter -->
<testsuite ignored="0" hostname="DESKTOP-DLQ28S4" failures="0" tests="4" name="Test" time="117.847" errors="0" timestamp="2024-03-04T02:38:38 IST">
  <testcase classname="Testcase.TC_001_Signupvalidation" name="signup" time="3.272"/>
  <testcase classname="Testcase.TC_002_Takeatourpage" name="takeatour" time="15.917"/>
  <testcase classname="Testcase.TC_003_Guidepage" name="blog_page" time="1.231"/>
  <testcase classname="Testcase.TC_004_BillPay" name="bill_pay" time="2.66"/>
</testsuite> <!-- Test -->
